[2019-11-12T10:52:36.889] [INFO] NestFactory - Starting Nest application...
[2019-11-12T10:52:37.090] [INFO] InstanceLoader - TypeOrmModule dependencies initialized
[2019-11-12T10:52:37.620] [INFO] InstanceLoader - TypeOrmCoreModule dependencies initialized
[2019-11-12T10:52:37.621] [INFO] InstanceLoader - TypeOrmModule dependencies initialized
[2019-11-12T10:52:37.625] [INFO] InstanceLoader - AppModule dependencies initialized
[2019-11-12T10:52:37.629] [INFO] InstanceLoader - UserModule dependencies initialized
[2019-11-12T10:52:37.674] [INFO] RoutesResolver - AppController {/}:
[2019-11-12T10:52:37.677] [INFO] RouterExplorer - Mapped {/, GET} route
[2019-11-12T10:52:37.678] [INFO] RoutesResolver - UserController {/user}:
[2019-11-12T10:52:37.679] [INFO] RouterExplorer - Mapped {/add, POST} route
[2019-11-12T10:52:37.680] [INFO] RouterExplorer - Mapped {/fetch, GET} route
[2019-11-12T10:52:37.683] [INFO] NestApplication - Nest application successfully started
[2019-11-12T10:56:02.771] [ERROR] ExceptionsHandler - misconfigured csrf Error: misconfigured csrf
    at csrf (/Users/hongyang/workspace/owork/yiyi/node_modules/csurf/index.js:71:19)
    at Layer.handle [as handle_request] (/Users/hongyang/workspace/owork/yiyi/node_modules/express/lib/router/layer.js:95:5)
    at trim_prefix (/Users/hongyang/workspace/owork/yiyi/node_modules/express/lib/router/index.js:317:13)
    at /Users/hongyang/workspace/owork/yiyi/node_modules/express/lib/router/index.js:284:7
    at Function.process_params (/Users/hongyang/workspace/owork/yiyi/node_modules/express/lib/router/index.js:335:12)
    at next (/Users/hongyang/workspace/owork/yiyi/node_modules/express/lib/router/index.js:275:10)
    at cors (/Users/hongyang/workspace/owork/yiyi/node_modules/cors/lib/index.js:188:7)
    at /Users/hongyang/workspace/owork/yiyi/node_modules/cors/lib/index.js:224:17
    at originCallback (/Users/hongyang/workspace/owork/yiyi/node_modules/cors/lib/index.js:214:15)
    at /Users/hongyang/workspace/owork/yiyi/node_modules/cors/lib/index.js:219:13
[2019-11-12T10:56:36.004] [ERROR] ExceptionsHandler - misconfigured csrf Error: misconfigured csrf
    at csrf (/Users/hongyang/workspace/owork/yiyi/node_modules/csurf/index.js:71:19)
    at Layer.handle [as handle_request] (/Users/hongyang/workspace/owork/yiyi/node_modules/express/lib/router/layer.js:95:5)
    at trim_prefix (/Users/hongyang/workspace/owork/yiyi/node_modules/express/lib/router/index.js:317:13)
    at /Users/hongyang/workspace/owork/yiyi/node_modules/express/lib/router/index.js:284:7
    at Function.process_params (/Users/hongyang/workspace/owork/yiyi/node_modules/express/lib/router/index.js:335:12)
    at next (/Users/hongyang/workspace/owork/yiyi/node_modules/express/lib/router/index.js:275:10)
    at cors (/Users/hongyang/workspace/owork/yiyi/node_modules/cors/lib/index.js:188:7)
    at /Users/hongyang/workspace/owork/yiyi/node_modules/cors/lib/index.js:224:17
    at originCallback (/Users/hongyang/workspace/owork/yiyi/node_modules/cors/lib/index.js:214:15)
    at /Users/hongyang/workspace/owork/yiyi/node_modules/cors/lib/index.js:219:13
[2019-11-12T11:00:26.427] [ERROR] ExceptionsHandler - misconfigured csrf Error: misconfigured csrf
    at csrf (/Users/hongyang/workspace/owork/yiyi/node_modules/csurf/index.js:71:19)
    at Layer.handle [as handle_request] (/Users/hongyang/workspace/owork/yiyi/node_modules/express/lib/router/layer.js:95:5)
    at trim_prefix (/Users/hongyang/workspace/owork/yiyi/node_modules/express/lib/router/index.js:317:13)
    at /Users/hongyang/workspace/owork/yiyi/node_modules/express/lib/router/index.js:284:7
    at Function.process_params (/Users/hongyang/workspace/owork/yiyi/node_modules/express/lib/router/index.js:335:12)
    at next (/Users/hongyang/workspace/owork/yiyi/node_modules/express/lib/router/index.js:275:10)
    at cors (/Users/hongyang/workspace/owork/yiyi/node_modules/cors/lib/index.js:188:7)
    at /Users/hongyang/workspace/owork/yiyi/node_modules/cors/lib/index.js:224:17
    at originCallback (/Users/hongyang/workspace/owork/yiyi/node_modules/cors/lib/index.js:214:15)
    at /Users/hongyang/workspace/owork/yiyi/node_modules/cors/lib/index.js:219:13
[2019-11-12T11:02:00.761] [INFO] NestFactory - Starting Nest application...
[2019-11-12T11:02:00.917] [INFO] InstanceLoader - TypeOrmModule dependencies initialized
[2019-11-12T11:02:02.045] [INFO] InstanceLoader - TypeOrmCoreModule dependencies initialized
[2019-11-12T11:02:02.047] [INFO] InstanceLoader - TypeOrmModule dependencies initialized
[2019-11-12T11:02:02.050] [INFO] InstanceLoader - AppModule dependencies initialized
[2019-11-12T11:02:02.051] [INFO] InstanceLoader - UserModule dependencies initialized
[2019-11-12T11:02:02.086] [INFO] RoutesResolver - AppController {/}:
[2019-11-12T11:02:02.089] [INFO] RouterExplorer - Mapped {/, GET} route
[2019-11-12T11:02:02.090] [INFO] RoutesResolver - UserController {/user}:
[2019-11-12T11:02:02.091] [INFO] RouterExplorer - Mapped {/add, POST} route
[2019-11-12T11:02:02.092] [INFO] RouterExplorer - Mapped {/fetch, GET} route
[2019-11-12T11:02:02.095] [INFO] NestApplication - Nest application successfully started
