[2019-11-22T10:23:35.004] [INFO] NestFactory - Starting Nest application...
[2019-11-22T10:23:35.099] [INFO] InstanceLoader - TypeOrmModule dependencies initialized
[2019-11-22T10:23:36.777] [INFO] InstanceLoader - TypeOrmCoreModule dependencies initialized
[2019-11-22T10:23:36.778] [INFO] InstanceLoader - TypeOrmModule dependencies initialized
[2019-11-22T10:23:36.778] [INFO] InstanceLoader - AppModule dependencies initialized
[2019-11-22T10:23:36.779] [INFO] InstanceLoader - UserModule dependencies initialized
[2019-11-22T10:23:36.808] [INFO] RoutesResolver - AppController {/}:
[2019-11-22T10:23:36.810] [INFO] RouterExplorer - Mapped {/, GET} route
[2019-11-22T10:23:36.810] [INFO] RoutesResolver - UserController {/user}:
[2019-11-22T10:23:36.811] [INFO] RouterExplorer - Mapped {/add, POST} route
[2019-11-22T10:23:36.811] [INFO] RouterExplorer - Mapped {/fetch, GET} route
[2019-11-22T10:23:36.812] [INFO] NestApplication - Nest application successfully started
[2019-11-22T10:24:14.066] [INFO] NestFactory - Starting Nest application...
[2019-11-22T10:24:14.132] [INFO] InstanceLoader - TypeOrmModule dependencies initialized
[2019-11-22T10:24:14.972] [INFO] InstanceLoader - TypeOrmCoreModule dependencies initialized
[2019-11-22T10:24:14.972] [INFO] InstanceLoader - TypeOrmModule dependencies initialized
[2019-11-22T10:24:14.973] [INFO] InstanceLoader - AppModule dependencies initialized
[2019-11-22T10:24:14.973] [INFO] InstanceLoader - UserModule dependencies initialized
[2019-11-22T10:24:14.997] [INFO] RoutesResolver - AppController {/}:
[2019-11-22T10:24:14.999] [INFO] RouterExplorer - Mapped {/, GET} route
[2019-11-22T10:24:14.999] [INFO] RoutesResolver - UserController {/user}:
[2019-11-22T10:24:15.001] [INFO] RouterExplorer - Mapped {/add, POST} route
[2019-11-22T10:24:15.001] [INFO] RouterExplorer - Mapped {/fetch, GET} route
[2019-11-22T10:24:15.003] [INFO] NestApplication - Nest application successfully started
[2019-11-22T10:26:52.887] [ERROR] ExceptionsHandler - misconfigured csrf Error: misconfigured csrf
    at csrf (/Users/hongyang/workspace/owork/yiyi/node_modules/csurf/index.js:71:19)
    at Layer.handle [as handle_request] (/Users/hongyang/workspace/owork/yiyi/node_modules/express/lib/router/layer.js:95:5)
    at trim_prefix (/Users/hongyang/workspace/owork/yiyi/node_modules/express/lib/router/index.js:317:13)
    at /Users/hongyang/workspace/owork/yiyi/node_modules/express/lib/router/index.js:284:7
    at Function.process_params (/Users/hongyang/workspace/owork/yiyi/node_modules/express/lib/router/index.js:335:12)
    at next (/Users/hongyang/workspace/owork/yiyi/node_modules/express/lib/router/index.js:275:10)
    at cors (/Users/hongyang/workspace/owork/yiyi/node_modules/cors/lib/index.js:188:7)
    at /Users/hongyang/workspace/owork/yiyi/node_modules/cors/lib/index.js:224:17
    at originCallback (/Users/hongyang/workspace/owork/yiyi/node_modules/cors/lib/index.js:214:15)
    at /Users/hongyang/workspace/owork/yiyi/node_modules/cors/lib/index.js:219:13
[2019-11-22T10:28:55.809] [INFO] NestFactory - Starting Nest application...
[2019-11-22T10:28:55.898] [INFO] InstanceLoader - TypeOrmModule dependencies initialized
[2019-11-22T10:28:56.592] [INFO] InstanceLoader - TypeOrmCoreModule dependencies initialized
[2019-11-22T10:28:56.592] [INFO] InstanceLoader - TypeOrmModule dependencies initialized
[2019-11-22T10:28:56.593] [INFO] InstanceLoader - AppModule dependencies initialized
[2019-11-22T10:28:56.593] [INFO] InstanceLoader - UserModule dependencies initialized
[2019-11-22T10:28:56.624] [INFO] RoutesResolver - AppController {/}:
[2019-11-22T10:28:56.626] [INFO] RouterExplorer - Mapped {/, GET} route
[2019-11-22T10:28:56.626] [INFO] RoutesResolver - UserController {/user}:
[2019-11-22T10:28:56.627] [INFO] RouterExplorer - Mapped {/add, POST} route
[2019-11-22T10:28:56.627] [INFO] RouterExplorer - Mapped {/fetch, GET} route
[2019-11-22T10:28:56.628] [INFO] NestApplication - Nest application successfully started
[2019-11-22T10:29:00.558] [ERROR] ExceptionsHandler - misconfigured csrf Error: misconfigured csrf
    at csrf (/Users/hongyang/workspace/owork/yiyi/node_modules/csurf/index.js:71:19)
    at Layer.handle [as handle_request] (/Users/hongyang/workspace/owork/yiyi/node_modules/express/lib/router/layer.js:95:5)
    at trim_prefix (/Users/hongyang/workspace/owork/yiyi/node_modules/express/lib/router/index.js:317:13)
    at /Users/hongyang/workspace/owork/yiyi/node_modules/express/lib/router/index.js:284:7
    at Function.process_params (/Users/hongyang/workspace/owork/yiyi/node_modules/express/lib/router/index.js:335:12)
    at next (/Users/hongyang/workspace/owork/yiyi/node_modules/express/lib/router/index.js:275:10)
    at cors (/Users/hongyang/workspace/owork/yiyi/node_modules/cors/lib/index.js:188:7)
    at /Users/hongyang/workspace/owork/yiyi/node_modules/cors/lib/index.js:224:17
    at originCallback (/Users/hongyang/workspace/owork/yiyi/node_modules/cors/lib/index.js:214:15)
    at /Users/hongyang/workspace/owork/yiyi/node_modules/cors/lib/index.js:219:13
[2019-11-22T10:29:13.044] [INFO] NestFactory - Starting Nest application...
[2019-11-22T10:29:13.109] [INFO] InstanceLoader - TypeOrmModule dependencies initialized
[2019-11-22T10:29:13.876] [INFO] InstanceLoader - TypeOrmCoreModule dependencies initialized
[2019-11-22T10:29:13.876] [INFO] InstanceLoader - TypeOrmModule dependencies initialized
[2019-11-22T10:29:13.877] [INFO] InstanceLoader - AppModule dependencies initialized
[2019-11-22T10:29:13.877] [INFO] InstanceLoader - UserModule dependencies initialized
[2019-11-22T10:29:13.904] [INFO] RoutesResolver - AppController {/}:
[2019-11-22T10:29:13.907] [INFO] RouterExplorer - Mapped {/, GET} route
[2019-11-22T10:29:13.907] [INFO] RoutesResolver - UserController {/user}:
[2019-11-22T10:29:13.907] [INFO] RouterExplorer - Mapped {/add, POST} route
[2019-11-22T10:29:13.908] [INFO] RouterExplorer - Mapped {/fetch, GET} route
[2019-11-22T10:29:13.909] [INFO] NestApplication - Nest application successfully started
[2019-11-22T10:29:16.825] [ERROR] ExceptionsHandler - ER_NO_DEFAULT_FOR_FIELD: Field 'nickName' doesn't have a default value QueryFailedError: ER_NO_DEFAULT_FOR_FIELD: Field 'nickName' doesn't have a default value
    at new QueryFailedError (/Users/hongyang/workspace/owork/yiyi/src/error/QueryFailedError.ts:9:9)
    at Query.<anonymous> (/Users/hongyang/workspace/owork/yiyi/src/driver/mysql/MysqlQueryRunner.ts:167:37)
    at Query.<anonymous> (/Users/hongyang/workspace/owork/yiyi/node_modules/mysql/lib/Connection.js:525:10)
    at Query._callback (/Users/hongyang/workspace/owork/yiyi/node_modules/mysql/lib/Connection.js:491:16)
    at Query.Sequence.end (/Users/hongyang/workspace/owork/yiyi/node_modules/mysql/lib/protocol/sequences/Sequence.js:83:24)
    at Query.ErrorPacket (/Users/hongyang/workspace/owork/yiyi/node_modules/mysql/lib/protocol/sequences/Query.js:90:8)
    at Protocol._parsePacket (/Users/hongyang/workspace/owork/yiyi/node_modules/mysql/lib/protocol/Protocol.js:291:23)
    at Parser._parsePacket (/Users/hongyang/workspace/owork/yiyi/node_modules/mysql/lib/protocol/Parser.js:433:10)
    at Parser.write (/Users/hongyang/workspace/owork/yiyi/node_modules/mysql/lib/protocol/Parser.js:43:10)
    at Protocol.write (/Users/hongyang/workspace/owork/yiyi/node_modules/mysql/lib/protocol/Protocol.js:38:16)
