[2019-11-11T09:41:37.998] [INFO] NestFactory - Starting Nest application...
[2019-11-11T09:41:38.155] [INFO] InstanceLoader - TypeOrmModule dependencies initialized
[2019-11-11T09:41:38.743] [INFO] InstanceLoader - TypeOrmCoreModule dependencies initialized
[2019-11-11T09:41:38.744] [INFO] InstanceLoader - TypeOrmModule dependencies initialized
[2019-11-11T09:41:38.748] [INFO] InstanceLoader - AppModule dependencies initialized
[2019-11-11T09:41:38.749] [INFO] InstanceLoader - UserModule dependencies initialized
[2019-11-11T09:41:38.787] [INFO] RoutesResolver - AppController {/}:
[2019-11-11T09:41:38.790] [INFO] RouterExplorer - Mapped {/, GET} route
[2019-11-11T09:41:38.791] [INFO] RoutesResolver - UserController {/user}:
[2019-11-11T09:41:38.792] [INFO] RouterExplorer - Mapped {/add, POST} route
[2019-11-11T09:41:38.793] [INFO] RouterExplorer - Mapped {/fetch, GET} route
[2019-11-11T09:41:38.796] [INFO] NestApplication - Nest application successfully started
[2019-11-11T18:03:47.554] [INFO] NestFactory - Starting Nest application...
[2019-11-11T18:03:47.624] [INFO] InstanceLoader - TypeOrmModule dependencies initialized
[2019-11-11T18:03:48.199] [INFO] InstanceLoader - TypeOrmCoreModule dependencies initialized
[2019-11-11T18:03:48.199] [INFO] InstanceLoader - TypeOrmModule dependencies initialized
[2019-11-11T18:03:48.200] [INFO] InstanceLoader - AppModule dependencies initialized
[2019-11-11T18:03:48.200] [INFO] InstanceLoader - UserModule dependencies initialized
[2019-11-11T18:03:48.225] [INFO] RoutesResolver - AppController {/}:
[2019-11-11T18:03:48.227] [INFO] RouterExplorer - Mapped {/, GET} route
[2019-11-11T18:03:48.228] [INFO] RoutesResolver - UserController {/user}:
[2019-11-11T18:03:48.228] [INFO] RouterExplorer - Mapped {/add, POST} route
[2019-11-11T18:03:48.229] [INFO] RouterExplorer - Mapped {/fetch, GET} route
[2019-11-11T18:03:48.230] [INFO] NestApplication - Nest application successfully started
