[2019-11-22T10:26:52.887] [ERROR] ExceptionsHandler - misconfigured csrf Error: misconfigured csrf
    at csrf (/Users/hongyang/workspace/owork/yiyi/node_modules/csurf/index.js:71:19)
    at Layer.handle [as handle_request] (/Users/hongyang/workspace/owork/yiyi/node_modules/express/lib/router/layer.js:95:5)
    at trim_prefix (/Users/hongyang/workspace/owork/yiyi/node_modules/express/lib/router/index.js:317:13)
    at /Users/hongyang/workspace/owork/yiyi/node_modules/express/lib/router/index.js:284:7
    at Function.process_params (/Users/hongyang/workspace/owork/yiyi/node_modules/express/lib/router/index.js:335:12)
    at next (/Users/hongyang/workspace/owork/yiyi/node_modules/express/lib/router/index.js:275:10)
    at cors (/Users/hongyang/workspace/owork/yiyi/node_modules/cors/lib/index.js:188:7)
    at /Users/hongyang/workspace/owork/yiyi/node_modules/cors/lib/index.js:224:17
    at originCallback (/Users/hongyang/workspace/owork/yiyi/node_modules/cors/lib/index.js:214:15)
    at /Users/hongyang/workspace/owork/yiyi/node_modules/cors/lib/index.js:219:13
[2019-11-22T10:29:00.558] [ERROR] ExceptionsHandler - misconfigured csrf Error: misconfigured csrf
    at csrf (/Users/hongyang/workspace/owork/yiyi/node_modules/csurf/index.js:71:19)
    at Layer.handle [as handle_request] (/Users/hongyang/workspace/owork/yiyi/node_modules/express/lib/router/layer.js:95:5)
    at trim_prefix (/Users/hongyang/workspace/owork/yiyi/node_modules/express/lib/router/index.js:317:13)
    at /Users/hongyang/workspace/owork/yiyi/node_modules/express/lib/router/index.js:284:7
    at Function.process_params (/Users/hongyang/workspace/owork/yiyi/node_modules/express/lib/router/index.js:335:12)
    at next (/Users/hongyang/workspace/owork/yiyi/node_modules/express/lib/router/index.js:275:10)
    at cors (/Users/hongyang/workspace/owork/yiyi/node_modules/cors/lib/index.js:188:7)
    at /Users/hongyang/workspace/owork/yiyi/node_modules/cors/lib/index.js:224:17
    at originCallback (/Users/hongyang/workspace/owork/yiyi/node_modules/cors/lib/index.js:214:15)
    at /Users/hongyang/workspace/owork/yiyi/node_modules/cors/lib/index.js:219:13
[2019-11-22T10:29:16.825] [ERROR] ExceptionsHandler - ER_NO_DEFAULT_FOR_FIELD: Field 'nickName' doesn't have a default value QueryFailedError: ER_NO_DEFAULT_FOR_FIELD: Field 'nickName' doesn't have a default value
    at new QueryFailedError (/Users/hongyang/workspace/owork/yiyi/src/error/QueryFailedError.ts:9:9)
    at Query.<anonymous> (/Users/hongyang/workspace/owork/yiyi/src/driver/mysql/MysqlQueryRunner.ts:167:37)
    at Query.<anonymous> (/Users/hongyang/workspace/owork/yiyi/node_modules/mysql/lib/Connection.js:525:10)
    at Query._callback (/Users/hongyang/workspace/owork/yiyi/node_modules/mysql/lib/Connection.js:491:16)
    at Query.Sequence.end (/Users/hongyang/workspace/owork/yiyi/node_modules/mysql/lib/protocol/sequences/Sequence.js:83:24)
    at Query.ErrorPacket (/Users/hongyang/workspace/owork/yiyi/node_modules/mysql/lib/protocol/sequences/Query.js:90:8)
    at Protocol._parsePacket (/Users/hongyang/workspace/owork/yiyi/node_modules/mysql/lib/protocol/Protocol.js:291:23)
    at Parser._parsePacket (/Users/hongyang/workspace/owork/yiyi/node_modules/mysql/lib/protocol/Parser.js:433:10)
    at Parser.write (/Users/hongyang/workspace/owork/yiyi/node_modules/mysql/lib/protocol/Parser.js:43:10)
    at Protocol.write (/Users/hongyang/workspace/owork/yiyi/node_modules/mysql/lib/protocol/Protocol.js:38:16)
