[2019-11-26T19:55:43.680] [ERROR] TypeOrmModule - Unable to connect to the database. Retrying (1)... /Users/hongyang/workspace/owork/yiyi/src/base/base.entity.ts:8
import {PrimaryGeneratedColumn, CreateDateColumn, UpdateDateColumn} from 'typeorm';
^^^^^^

SyntaxError: Unexpected token import
    at createScript (vm.js:80:10)
    at Object.runInThisContext (vm.js:139:10)
    at Module._compile (module.js:616:28)
    at Object.Module._extensions..js (module.js:663:10)
    at Module.load (module.js:565:32)
    at tryModuleLoad (module.js:505:12)
    at Function.Module._load (module.js:497:3)
    at Module.require (module.js:596:17)
    at require (internal/module.js:11:18)
    at Function.PlatformTools.load (/Users/hongyang/workspace/owork/yiyi/node_modules/typeorm/platform/PlatformTools.js:109:28)
[2019-11-26T19:55:46.765] [ERROR] TypeOrmModule - Unable to connect to the database. Retrying (2)... /Users/hongyang/workspace/owork/yiyi/src/base/base.entity.ts:8
import {PrimaryGeneratedColumn, CreateDateColumn, UpdateDateColumn} from 'typeorm';
^^^^^^

SyntaxError: Unexpected token import
    at createScript (vm.js:80:10)
    at Object.runInThisContext (vm.js:139:10)
    at Module._compile (module.js:616:28)
    at Object.Module._extensions..js (module.js:663:10)
    at Module.load (module.js:565:32)
    at tryModuleLoad (module.js:505:12)
    at Function.Module._load (module.js:497:3)
    at Module.require (module.js:596:17)
    at require (internal/module.js:11:18)
    at Function.PlatformTools.load (/Users/hongyang/workspace/owork/yiyi/node_modules/typeorm/platform/PlatformTools.js:109:28)
[2019-11-26T19:55:49.861] [ERROR] TypeOrmModule - Unable to connect to the database. Retrying (3)... /Users/hongyang/workspace/owork/yiyi/src/base/base.entity.ts:8
import {PrimaryGeneratedColumn, CreateDateColumn, UpdateDateColumn} from 'typeorm';
^^^^^^

SyntaxError: Unexpected token import
    at createScript (vm.js:80:10)
    at Object.runInThisContext (vm.js:139:10)
    at Module._compile (module.js:616:28)
    at Object.Module._extensions..js (module.js:663:10)
    at Module.load (module.js:565:32)
    at tryModuleLoad (module.js:505:12)
    at Function.Module._load (module.js:497:3)
    at Module.require (module.js:596:17)
    at require (internal/module.js:11:18)
    at Function.PlatformTools.load (/Users/hongyang/workspace/owork/yiyi/node_modules/typeorm/platform/PlatformTools.js:109:28)
[2019-11-26T19:55:52.989] [ERROR] TypeOrmModule - Unable to connect to the database. Retrying (4)... /Users/hongyang/workspace/owork/yiyi/src/base/base.entity.ts:8
import {PrimaryGeneratedColumn, CreateDateColumn, UpdateDateColumn} from 'typeorm';
^^^^^^

SyntaxError: Unexpected token import
    at createScript (vm.js:80:10)
    at Object.runInThisContext (vm.js:139:10)
    at Module._compile (module.js:616:28)
    at Object.Module._extensions..js (module.js:663:10)
    at Module.load (module.js:565:32)
    at tryModuleLoad (module.js:505:12)
    at Function.Module._load (module.js:497:3)
    at Module.require (module.js:596:17)
    at require (internal/module.js:11:18)
    at Function.PlatformTools.load (/Users/hongyang/workspace/owork/yiyi/node_modules/typeorm/platform/PlatformTools.js:109:28)
[2019-11-26T19:55:56.078] [ERROR] TypeOrmModule - Unable to connect to the database. Retrying (5)... /Users/hongyang/workspace/owork/yiyi/src/base/base.entity.ts:8
import {PrimaryGeneratedColumn, CreateDateColumn, UpdateDateColumn} from 'typeorm';
^^^^^^

SyntaxError: Unexpected token import
    at createScript (vm.js:80:10)
    at Object.runInThisContext (vm.js:139:10)
    at Module._compile (module.js:616:28)
    at Object.Module._extensions..js (module.js:663:10)
    at Module.load (module.js:565:32)
    at tryModuleLoad (module.js:505:12)
    at Function.Module._load (module.js:497:3)
    at Module.require (module.js:596:17)
    at require (internal/module.js:11:18)
    at Function.PlatformTools.load (/Users/hongyang/workspace/owork/yiyi/node_modules/typeorm/platform/PlatformTools.js:109:28)
[2019-11-26T19:55:59.165] [ERROR] TypeOrmModule - Unable to connect to the database. Retrying (6)... /Users/hongyang/workspace/owork/yiyi/src/base/base.entity.ts:8
import {PrimaryGeneratedColumn, CreateDateColumn, UpdateDateColumn} from 'typeorm';
^^^^^^

SyntaxError: Unexpected token import
    at createScript (vm.js:80:10)
    at Object.runInThisContext (vm.js:139:10)
    at Module._compile (module.js:616:28)
    at Object.Module._extensions..js (module.js:663:10)
    at Module.load (module.js:565:32)
    at tryModuleLoad (module.js:505:12)
    at Function.Module._load (module.js:497:3)
    at Module.require (module.js:596:17)
    at require (internal/module.js:11:18)
    at Function.PlatformTools.load (/Users/hongyang/workspace/owork/yiyi/node_modules/typeorm/platform/PlatformTools.js:109:28)
[2019-11-26T19:56:02.258] [ERROR] TypeOrmModule - Unable to connect to the database. Retrying (7)... /Users/hongyang/workspace/owork/yiyi/src/base/base.entity.ts:8
import {PrimaryGeneratedColumn, CreateDateColumn, UpdateDateColumn} from 'typeorm';
^^^^^^

SyntaxError: Unexpected token import
    at createScript (vm.js:80:10)
    at Object.runInThisContext (vm.js:139:10)
    at Module._compile (module.js:616:28)
    at Object.Module._extensions..js (module.js:663:10)
    at Module.load (module.js:565:32)
    at tryModuleLoad (module.js:505:12)
    at Function.Module._load (module.js:497:3)
    at Module.require (module.js:596:17)
    at require (internal/module.js:11:18)
    at Function.PlatformTools.load (/Users/hongyang/workspace/owork/yiyi/node_modules/typeorm/platform/PlatformTools.js:109:28)
[2019-11-26T19:56:05.387] [ERROR] TypeOrmModule - Unable to connect to the database. Retrying (8)... /Users/hongyang/workspace/owork/yiyi/src/base/base.entity.ts:8
import {PrimaryGeneratedColumn, CreateDateColumn, UpdateDateColumn} from 'typeorm';
^^^^^^

SyntaxError: Unexpected token import
    at createScript (vm.js:80:10)
    at Object.runInThisContext (vm.js:139:10)
    at Module._compile (module.js:616:28)
    at Object.Module._extensions..js (module.js:663:10)
    at Module.load (module.js:565:32)
    at tryModuleLoad (module.js:505:12)
    at Function.Module._load (module.js:497:3)
    at Module.require (module.js:596:17)
    at require (internal/module.js:11:18)
    at Function.PlatformTools.load (/Users/hongyang/workspace/owork/yiyi/node_modules/typeorm/platform/PlatformTools.js:109:28)
[2019-11-26T19:56:08.477] [ERROR] TypeOrmModule - Unable to connect to the database. Retrying (9)... /Users/hongyang/workspace/owork/yiyi/src/base/base.entity.ts:8
import {PrimaryGeneratedColumn, CreateDateColumn, UpdateDateColumn} from 'typeorm';
^^^^^^

SyntaxError: Unexpected token import
    at createScript (vm.js:80:10)
    at Object.runInThisContext (vm.js:139:10)
    at Module._compile (module.js:616:28)
    at Object.Module._extensions..js (module.js:663:10)
    at Module.load (module.js:565:32)
    at tryModuleLoad (module.js:505:12)
    at Function.Module._load (module.js:497:3)
    at Module.require (module.js:596:17)
    at require (internal/module.js:11:18)
    at Function.PlatformTools.load (/Users/hongyang/workspace/owork/yiyi/node_modules/typeorm/platform/PlatformTools.js:109:28)
[2019-11-26T20:02:34.957] [ERROR] TypeOrmModule - Unable to connect to the database. Retrying (1)... /Users/hongyang/workspace/owork/yiyi/src/base/base.entity.ts:8
import { PrimaryGeneratedColumn, CreateDateColumn, UpdateDateColumn } from 'typeorm';
^^^^^^

SyntaxError: Unexpected token import
    at createScript (vm.js:80:10)
    at Object.runInThisContext (vm.js:139:10)
    at Module._compile (module.js:616:28)
    at Object.Module._extensions..js (module.js:663:10)
    at Module.load (module.js:565:32)
    at tryModuleLoad (module.js:505:12)
    at Function.Module._load (module.js:497:3)
    at Module.require (module.js:596:17)
    at require (internal/module.js:11:18)
    at Function.PlatformTools.load (/Users/hongyang/workspace/owork/yiyi/node_modules/typeorm/platform/PlatformTools.js:109:28)
[2019-11-26T20:02:38.050] [ERROR] TypeOrmModule - Unable to connect to the database. Retrying (2)... /Users/hongyang/workspace/owork/yiyi/src/base/base.entity.ts:8
import { PrimaryGeneratedColumn, CreateDateColumn, UpdateDateColumn } from 'typeorm';
^^^^^^

SyntaxError: Unexpected token import
    at createScript (vm.js:80:10)
    at Object.runInThisContext (vm.js:139:10)
    at Module._compile (module.js:616:28)
    at Object.Module._extensions..js (module.js:663:10)
    at Module.load (module.js:565:32)
    at tryModuleLoad (module.js:505:12)
    at Function.Module._load (module.js:497:3)
    at Module.require (module.js:596:17)
    at require (internal/module.js:11:18)
    at Function.PlatformTools.load (/Users/hongyang/workspace/owork/yiyi/node_modules/typeorm/platform/PlatformTools.js:109:28)
[2019-11-26T20:09:50.947] [ERROR] TypeOrmModule - Unable to connect to the database. Retrying (1)... /Users/hongyang/workspace/owork/yiyi/src/base/base.entity.ts:8
import { PrimaryGeneratedColumn, CreateDateColumn, UpdateDateColumn } from 'typeorm';
^^^^^^

SyntaxError: Unexpected token import
    at createScript (vm.js:80:10)
    at Object.runInThisContext (vm.js:139:10)
    at Module._compile (module.js:616:28)
    at Object.Module._extensions..js (module.js:663:10)
    at Module.load (module.js:565:32)
    at tryModuleLoad (module.js:505:12)
    at Function.Module._load (module.js:497:3)
    at Module.require (module.js:596:17)
    at require (internal/module.js:11:18)
    at Function.PlatformTools.load (/Users/hongyang/workspace/owork/yiyi/node_modules/typeorm/platform/PlatformTools.js:109:28)
[2019-11-26T20:09:54.071] [ERROR] TypeOrmModule - Unable to connect to the database. Retrying (2)... /Users/hongyang/workspace/owork/yiyi/src/base/base.entity.ts:8
import { PrimaryGeneratedColumn, CreateDateColumn, UpdateDateColumn } from 'typeorm';
^^^^^^

SyntaxError: Unexpected token import
    at createScript (vm.js:80:10)
    at Object.runInThisContext (vm.js:139:10)
    at Module._compile (module.js:616:28)
    at Object.Module._extensions..js (module.js:663:10)
    at Module.load (module.js:565:32)
    at tryModuleLoad (module.js:505:12)
    at Function.Module._load (module.js:497:3)
    at Module.require (module.js:596:17)
    at require (internal/module.js:11:18)
    at Function.PlatformTools.load (/Users/hongyang/workspace/owork/yiyi/node_modules/typeorm/platform/PlatformTools.js:109:28)
[2019-11-26T20:09:57.186] [ERROR] TypeOrmModule - Unable to connect to the database. Retrying (3)... /Users/hongyang/workspace/owork/yiyi/src/base/base.entity.ts:8
import { PrimaryGeneratedColumn, CreateDateColumn, UpdateDateColumn } from 'typeorm';
^^^^^^

SyntaxError: Unexpected token import
    at createScript (vm.js:80:10)
    at Object.runInThisContext (vm.js:139:10)
    at Module._compile (module.js:616:28)
    at Object.Module._extensions..js (module.js:663:10)
    at Module.load (module.js:565:32)
    at tryModuleLoad (module.js:505:12)
    at Function.Module._load (module.js:497:3)
    at Module.require (module.js:596:17)
    at require (internal/module.js:11:18)
    at Function.PlatformTools.load (/Users/hongyang/workspace/owork/yiyi/node_modules/typeorm/platform/PlatformTools.js:109:28)
[2019-11-26T20:10:00.282] [ERROR] TypeOrmModule - Unable to connect to the database. Retrying (4)... /Users/hongyang/workspace/owork/yiyi/src/base/base.entity.ts:8
import { PrimaryGeneratedColumn, CreateDateColumn, UpdateDateColumn } from 'typeorm';
^^^^^^

SyntaxError: Unexpected token import
    at createScript (vm.js:80:10)
    at Object.runInThisContext (vm.js:139:10)
    at Module._compile (module.js:616:28)
    at Object.Module._extensions..js (module.js:663:10)
    at Module.load (module.js:565:32)
    at tryModuleLoad (module.js:505:12)
    at Function.Module._load (module.js:497:3)
    at Module.require (module.js:596:17)
    at require (internal/module.js:11:18)
    at Function.PlatformTools.load (/Users/hongyang/workspace/owork/yiyi/node_modules/typeorm/platform/PlatformTools.js:109:28)
[2019-11-26T20:10:03.370] [ERROR] TypeOrmModule - Unable to connect to the database. Retrying (5)... /Users/hongyang/workspace/owork/yiyi/src/base/base.entity.ts:8
import { PrimaryGeneratedColumn, CreateDateColumn, UpdateDateColumn } from 'typeorm';
^^^^^^

SyntaxError: Unexpected token import
    at createScript (vm.js:80:10)
    at Object.runInThisContext (vm.js:139:10)
    at Module._compile (module.js:616:28)
    at Object.Module._extensions..js (module.js:663:10)
    at Module.load (module.js:565:32)
    at tryModuleLoad (module.js:505:12)
    at Function.Module._load (module.js:497:3)
    at Module.require (module.js:596:17)
    at require (internal/module.js:11:18)
    at Function.PlatformTools.load (/Users/hongyang/workspace/owork/yiyi/node_modules/typeorm/platform/PlatformTools.js:109:28)
[2019-11-26T20:10:06.483] [ERROR] TypeOrmModule - Unable to connect to the database. Retrying (6)... /Users/hongyang/workspace/owork/yiyi/src/base/base.entity.ts:8
import { PrimaryGeneratedColumn, CreateDateColumn, UpdateDateColumn } from 'typeorm';
^^^^^^

SyntaxError: Unexpected token import
    at createScript (vm.js:80:10)
    at Object.runInThisContext (vm.js:139:10)
    at Module._compile (module.js:616:28)
    at Object.Module._extensions..js (module.js:663:10)
    at Module.load (module.js:565:32)
    at tryModuleLoad (module.js:505:12)
    at Function.Module._load (module.js:497:3)
    at Module.require (module.js:596:17)
    at require (internal/module.js:11:18)
    at Function.PlatformTools.load (/Users/hongyang/workspace/owork/yiyi/node_modules/typeorm/platform/PlatformTools.js:109:28)
[2019-11-26T20:10:09.586] [ERROR] TypeOrmModule - Unable to connect to the database. Retrying (7)... /Users/hongyang/workspace/owork/yiyi/src/base/base.entity.ts:8
import { PrimaryGeneratedColumn, CreateDateColumn, UpdateDateColumn } from 'typeorm';
^^^^^^

SyntaxError: Unexpected token import
    at createScript (vm.js:80:10)
    at Object.runInThisContext (vm.js:139:10)
    at Module._compile (module.js:616:28)
    at Object.Module._extensions..js (module.js:663:10)
    at Module.load (module.js:565:32)
    at tryModuleLoad (module.js:505:12)
    at Function.Module._load (module.js:497:3)
    at Module.require (module.js:596:17)
    at require (internal/module.js:11:18)
    at Function.PlatformTools.load (/Users/hongyang/workspace/owork/yiyi/node_modules/typeorm/platform/PlatformTools.js:109:28)
[2019-11-26T20:10:12.703] [ERROR] TypeOrmModule - Unable to connect to the database. Retrying (8)... /Users/hongyang/workspace/owork/yiyi/src/base/base.entity.ts:8
import { PrimaryGeneratedColumn, CreateDateColumn, UpdateDateColumn } from 'typeorm';
^^^^^^

SyntaxError: Unexpected token import
    at createScript (vm.js:80:10)
    at Object.runInThisContext (vm.js:139:10)
    at Module._compile (module.js:616:28)
    at Object.Module._extensions..js (module.js:663:10)
    at Module.load (module.js:565:32)
    at tryModuleLoad (module.js:505:12)
    at Function.Module._load (module.js:497:3)
    at Module.require (module.js:596:17)
    at require (internal/module.js:11:18)
    at Function.PlatformTools.load (/Users/hongyang/workspace/owork/yiyi/node_modules/typeorm/platform/PlatformTools.js:109:28)
[2019-11-26T20:10:15.853] [ERROR] TypeOrmModule - Unable to connect to the database. Retrying (9)... /Users/hongyang/workspace/owork/yiyi/src/base/base.entity.ts:8
import { PrimaryGeneratedColumn, CreateDateColumn, UpdateDateColumn } from 'typeorm';
^^^^^^

SyntaxError: Unexpected token import
    at createScript (vm.js:80:10)
    at Object.runInThisContext (vm.js:139:10)
    at Module._compile (module.js:616:28)
    at Object.Module._extensions..js (module.js:663:10)
    at Module.load (module.js:565:32)
    at tryModuleLoad (module.js:505:12)
    at Function.Module._load (module.js:497:3)
    at Module.require (module.js:596:17)
    at require (internal/module.js:11:18)
    at Function.PlatformTools.load (/Users/hongyang/workspace/owork/yiyi/node_modules/typeorm/platform/PlatformTools.js:109:28)
[2019-11-26T20:16:17.380] [ERROR] TypeOrmModule - Unable to connect to the database. Retrying (1)... /Users/hongyang/workspace/owork/yiyi/src/base/base.entity.ts:8
import { PrimaryGeneratedColumn, CreateDateColumn, UpdateDateColumn } from 'typeorm';
^^^^^^

SyntaxError: Unexpected token import
    at createScript (vm.js:80:10)
    at Object.runInThisContext (vm.js:139:10)
    at Module._compile (module.js:616:28)
    at Object.Module._extensions..js (module.js:663:10)
    at Module.load (module.js:565:32)
    at tryModuleLoad (module.js:505:12)
    at Function.Module._load (module.js:497:3)
    at Module.require (module.js:596:17)
    at require (internal/module.js:11:18)
    at Function.PlatformTools.load (/Users/hongyang/workspace/owork/yiyi/node_modules/typeorm/platform/PlatformTools.js:109:28)
[2019-11-26T20:16:20.502] [ERROR] TypeOrmModule - Unable to connect to the database. Retrying (2)... /Users/hongyang/workspace/owork/yiyi/src/base/base.entity.ts:8
import { PrimaryGeneratedColumn, CreateDateColumn, UpdateDateColumn } from 'typeorm';
^^^^^^

SyntaxError: Unexpected token import
    at createScript (vm.js:80:10)
    at Object.runInThisContext (vm.js:139:10)
    at Module._compile (module.js:616:28)
    at Object.Module._extensions..js (module.js:663:10)
    at Module.load (module.js:565:32)
    at tryModuleLoad (module.js:505:12)
    at Function.Module._load (module.js:497:3)
    at Module.require (module.js:596:17)
    at require (internal/module.js:11:18)
    at Function.PlatformTools.load (/Users/hongyang/workspace/owork/yiyi/node_modules/typeorm/platform/PlatformTools.js:109:28)
[2019-11-26T20:16:23.600] [ERROR] TypeOrmModule - Unable to connect to the database. Retrying (3)... /Users/hongyang/workspace/owork/yiyi/src/base/base.entity.ts:8
import { PrimaryGeneratedColumn, CreateDateColumn, UpdateDateColumn } from 'typeorm';
^^^^^^

SyntaxError: Unexpected token import
    at createScript (vm.js:80:10)
    at Object.runInThisContext (vm.js:139:10)
    at Module._compile (module.js:616:28)
    at Object.Module._extensions..js (module.js:663:10)
    at Module.load (module.js:565:32)
    at tryModuleLoad (module.js:505:12)
    at Function.Module._load (module.js:497:3)
    at Module.require (module.js:596:17)
    at require (internal/module.js:11:18)
    at Function.PlatformTools.load (/Users/hongyang/workspace/owork/yiyi/node_modules/typeorm/platform/PlatformTools.js:109:28)
[2019-11-26T20:16:26.696] [ERROR] TypeOrmModule - Unable to connect to the database. Retrying (4)... /Users/hongyang/workspace/owork/yiyi/src/base/base.entity.ts:8
import { PrimaryGeneratedColumn, CreateDateColumn, UpdateDateColumn } from 'typeorm';
^^^^^^

SyntaxError: Unexpected token import
    at createScript (vm.js:80:10)
    at Object.runInThisContext (vm.js:139:10)
    at Module._compile (module.js:616:28)
    at Object.Module._extensions..js (module.js:663:10)
    at Module.load (module.js:565:32)
    at tryModuleLoad (module.js:505:12)
    at Function.Module._load (module.js:497:3)
    at Module.require (module.js:596:17)
    at require (internal/module.js:11:18)
    at Function.PlatformTools.load (/Users/hongyang/workspace/owork/yiyi/node_modules/typeorm/platform/PlatformTools.js:109:28)
[2019-11-26T20:16:29.807] [ERROR] TypeOrmModule - Unable to connect to the database. Retrying (5)... /Users/hongyang/workspace/owork/yiyi/src/base/base.entity.ts:8
import { PrimaryGeneratedColumn, CreateDateColumn, UpdateDateColumn } from 'typeorm';
^^^^^^

SyntaxError: Unexpected token import
    at createScript (vm.js:80:10)
    at Object.runInThisContext (vm.js:139:10)
    at Module._compile (module.js:616:28)
    at Object.Module._extensions..js (module.js:663:10)
    at Module.load (module.js:565:32)
    at tryModuleLoad (module.js:505:12)
    at Function.Module._load (module.js:497:3)
    at Module.require (module.js:596:17)
    at require (internal/module.js:11:18)
    at Function.PlatformTools.load (/Users/hongyang/workspace/owork/yiyi/node_modules/typeorm/platform/PlatformTools.js:109:28)
[2019-11-26T20:16:32.921] [ERROR] TypeOrmModule - Unable to connect to the database. Retrying (6)... /Users/hongyang/workspace/owork/yiyi/src/base/base.entity.ts:8
import { PrimaryGeneratedColumn, CreateDateColumn, UpdateDateColumn } from 'typeorm';
^^^^^^

SyntaxError: Unexpected token import
    at createScript (vm.js:80:10)
    at Object.runInThisContext (vm.js:139:10)
    at Module._compile (module.js:616:28)
    at Object.Module._extensions..js (module.js:663:10)
    at Module.load (module.js:565:32)
    at tryModuleLoad (module.js:505:12)
    at Function.Module._load (module.js:497:3)
    at Module.require (module.js:596:17)
    at require (internal/module.js:11:18)
    at Function.PlatformTools.load (/Users/hongyang/workspace/owork/yiyi/node_modules/typeorm/platform/PlatformTools.js:109:28)
[2019-11-26T20:16:36.006] [ERROR] TypeOrmModule - Unable to connect to the database. Retrying (7)... /Users/hongyang/workspace/owork/yiyi/src/base/base.entity.ts:8
import { PrimaryGeneratedColumn, CreateDateColumn, UpdateDateColumn } from 'typeorm';
^^^^^^

SyntaxError: Unexpected token import
    at createScript (vm.js:80:10)
    at Object.runInThisContext (vm.js:139:10)
    at Module._compile (module.js:616:28)
    at Object.Module._extensions..js (module.js:663:10)
    at Module.load (module.js:565:32)
    at tryModuleLoad (module.js:505:12)
    at Function.Module._load (module.js:497:3)
    at Module.require (module.js:596:17)
    at require (internal/module.js:11:18)
    at Function.PlatformTools.load (/Users/hongyang/workspace/owork/yiyi/node_modules/typeorm/platform/PlatformTools.js:109:28)
[2019-11-26T20:16:39.121] [ERROR] TypeOrmModule - Unable to connect to the database. Retrying (8)... /Users/hongyang/workspace/owork/yiyi/src/base/base.entity.ts:8
import { PrimaryGeneratedColumn, CreateDateColumn, UpdateDateColumn } from 'typeorm';
^^^^^^

SyntaxError: Unexpected token import
    at createScript (vm.js:80:10)
    at Object.runInThisContext (vm.js:139:10)
    at Module._compile (module.js:616:28)
    at Object.Module._extensions..js (module.js:663:10)
    at Module.load (module.js:565:32)
    at tryModuleLoad (module.js:505:12)
    at Function.Module._load (module.js:497:3)
    at Module.require (module.js:596:17)
    at require (internal/module.js:11:18)
    at Function.PlatformTools.load (/Users/hongyang/workspace/owork/yiyi/node_modules/typeorm/platform/PlatformTools.js:109:28)
[2019-11-26T20:16:42.239] [ERROR] TypeOrmModule - Unable to connect to the database. Retrying (9)... /Users/hongyang/workspace/owork/yiyi/src/base/base.entity.ts:8
import { PrimaryGeneratedColumn, CreateDateColumn, UpdateDateColumn } from 'typeorm';
^^^^^^

SyntaxError: Unexpected token import
    at createScript (vm.js:80:10)
    at Object.runInThisContext (vm.js:139:10)
    at Module._compile (module.js:616:28)
    at Object.Module._extensions..js (module.js:663:10)
    at Module.load (module.js:565:32)
    at tryModuleLoad (module.js:505:12)
    at Function.Module._load (module.js:497:3)
    at Module.require (module.js:596:17)
    at require (internal/module.js:11:18)
    at Function.PlatformTools.load (/Users/hongyang/workspace/owork/yiyi/node_modules/typeorm/platform/PlatformTools.js:109:28)
[2019-11-26T20:25:43.688] [ERROR] TypeOrmModule - Unable to connect to the database. Retrying (1)... /Users/hongyang/workspace/owork/yiyi/src/base/base.entity.ts:8
import { PrimaryGeneratedColumn, CreateDateColumn, UpdateDateColumn } from 'typeorm';
^^^^^^

SyntaxError: Unexpected token import
    at createScript (vm.js:80:10)
    at Object.runInThisContext (vm.js:139:10)
    at Module._compile (module.js:616:28)
    at Object.Module._extensions..js (module.js:663:10)
    at Module.load (module.js:565:32)
    at tryModuleLoad (module.js:505:12)
    at Function.Module._load (module.js:497:3)
    at Module.require (module.js:596:17)
    at require (internal/module.js:11:18)
    at Function.PlatformTools.load (/Users/hongyang/workspace/owork/yiyi/node_modules/typeorm/platform/PlatformTools.js:109:28)
[2019-11-26T20:25:46.789] [ERROR] TypeOrmModule - Unable to connect to the database. Retrying (2)... /Users/hongyang/workspace/owork/yiyi/src/base/base.entity.ts:8
import { PrimaryGeneratedColumn, CreateDateColumn, UpdateDateColumn } from 'typeorm';
^^^^^^

SyntaxError: Unexpected token import
    at createScript (vm.js:80:10)
    at Object.runInThisContext (vm.js:139:10)
    at Module._compile (module.js:616:28)
    at Object.Module._extensions..js (module.js:663:10)
    at Module.load (module.js:565:32)
    at tryModuleLoad (module.js:505:12)
    at Function.Module._load (module.js:497:3)
    at Module.require (module.js:596:17)
    at require (internal/module.js:11:18)
    at Function.PlatformTools.load (/Users/hongyang/workspace/owork/yiyi/node_modules/typeorm/platform/PlatformTools.js:109:28)
[2019-11-26T20:25:49.880] [ERROR] TypeOrmModule - Unable to connect to the database. Retrying (3)... /Users/hongyang/workspace/owork/yiyi/src/base/base.entity.ts:8
import { PrimaryGeneratedColumn, CreateDateColumn, UpdateDateColumn } from 'typeorm';
^^^^^^

SyntaxError: Unexpected token import
    at createScript (vm.js:80:10)
    at Object.runInThisContext (vm.js:139:10)
    at Module._compile (module.js:616:28)
    at Object.Module._extensions..js (module.js:663:10)
    at Module.load (module.js:565:32)
    at tryModuleLoad (module.js:505:12)
    at Function.Module._load (module.js:497:3)
    at Module.require (module.js:596:17)
    at require (internal/module.js:11:18)
    at Function.PlatformTools.load (/Users/hongyang/workspace/owork/yiyi/node_modules/typeorm/platform/PlatformTools.js:109:28)
[2019-11-26T20:26:04.132] [ERROR] TypeOrmModule - Unable to connect to the database. Retrying (1)... /Users/hongyang/workspace/owork/yiyi/src/base/base.entity.ts:8
import { PrimaryGeneratedColumn, CreateDateColumn, UpdateDateColumn } from 'typeorm';
^^^^^^

SyntaxError: Unexpected token import
    at createScript (vm.js:80:10)
    at Object.runInThisContext (vm.js:139:10)
    at Module._compile (module.js:616:28)
    at Object.Module._extensions..js (module.js:663:10)
    at Module.load (module.js:565:32)
    at tryModuleLoad (module.js:505:12)
    at Function.Module._load (module.js:497:3)
    at Module.require (module.js:596:17)
    at require (internal/module.js:11:18)
    at Function.PlatformTools.load (/Users/hongyang/workspace/owork/yiyi/node_modules/typeorm/platform/PlatformTools.js:109:28)
[2019-11-26T20:26:07.288] [ERROR] TypeOrmModule - Unable to connect to the database. Retrying (2)... /Users/hongyang/workspace/owork/yiyi/src/base/base.entity.ts:8
import { PrimaryGeneratedColumn, CreateDateColumn, UpdateDateColumn } from 'typeorm';
^^^^^^

SyntaxError: Unexpected token import
    at createScript (vm.js:80:10)
    at Object.runInThisContext (vm.js:139:10)
    at Module._compile (module.js:616:28)
    at Object.Module._extensions..js (module.js:663:10)
    at Module.load (module.js:565:32)
    at tryModuleLoad (module.js:505:12)
    at Function.Module._load (module.js:497:3)
    at Module.require (module.js:596:17)
    at require (internal/module.js:11:18)
    at Function.PlatformTools.load (/Users/hongyang/workspace/owork/yiyi/node_modules/typeorm/platform/PlatformTools.js:109:28)
[2019-11-26T20:26:10.436] [ERROR] TypeOrmModule - Unable to connect to the database. Retrying (3)... /Users/hongyang/workspace/owork/yiyi/src/base/base.entity.ts:8
import { PrimaryGeneratedColumn, CreateDateColumn, UpdateDateColumn } from 'typeorm';
^^^^^^

SyntaxError: Unexpected token import
    at createScript (vm.js:80:10)
    at Object.runInThisContext (vm.js:139:10)
    at Module._compile (module.js:616:28)
    at Object.Module._extensions..js (module.js:663:10)
    at Module.load (module.js:565:32)
    at tryModuleLoad (module.js:505:12)
    at Function.Module._load (module.js:497:3)
    at Module.require (module.js:596:17)
    at require (internal/module.js:11:18)
    at Function.PlatformTools.load (/Users/hongyang/workspace/owork/yiyi/node_modules/typeorm/platform/PlatformTools.js:109:28)
[2019-11-26T20:26:13.579] [ERROR] TypeOrmModule - Unable to connect to the database. Retrying (4)... /Users/hongyang/workspace/owork/yiyi/src/base/base.entity.ts:8
import { PrimaryGeneratedColumn, CreateDateColumn, UpdateDateColumn } from 'typeorm';
^^^^^^

SyntaxError: Unexpected token import
    at createScript (vm.js:80:10)
    at Object.runInThisContext (vm.js:139:10)
    at Module._compile (module.js:616:28)
    at Object.Module._extensions..js (module.js:663:10)
    at Module.load (module.js:565:32)
    at tryModuleLoad (module.js:505:12)
    at Function.Module._load (module.js:497:3)
    at Module.require (module.js:596:17)
    at require (internal/module.js:11:18)
    at Function.PlatformTools.load (/Users/hongyang/workspace/owork/yiyi/node_modules/typeorm/platform/PlatformTools.js:109:28)
[2019-11-26T20:26:16.695] [ERROR] TypeOrmModule - Unable to connect to the database. Retrying (5)... /Users/hongyang/workspace/owork/yiyi/src/base/base.entity.ts:8
import { PrimaryGeneratedColumn, CreateDateColumn, UpdateDateColumn } from 'typeorm';
^^^^^^

SyntaxError: Unexpected token import
    at createScript (vm.js:80:10)
    at Object.runInThisContext (vm.js:139:10)
    at Module._compile (module.js:616:28)
    at Object.Module._extensions..js (module.js:663:10)
    at Module.load (module.js:565:32)
    at tryModuleLoad (module.js:505:12)
    at Function.Module._load (module.js:497:3)
    at Module.require (module.js:596:17)
    at require (internal/module.js:11:18)
    at Function.PlatformTools.load (/Users/hongyang/workspace/owork/yiyi/node_modules/typeorm/platform/PlatformTools.js:109:28)
[2019-11-26T20:26:19.782] [ERROR] TypeOrmModule - Unable to connect to the database. Retrying (6)... /Users/hongyang/workspace/owork/yiyi/src/base/base.entity.ts:8
import { PrimaryGeneratedColumn, CreateDateColumn, UpdateDateColumn } from 'typeorm';
^^^^^^

SyntaxError: Unexpected token import
    at createScript (vm.js:80:10)
    at Object.runInThisContext (vm.js:139:10)
    at Module._compile (module.js:616:28)
    at Object.Module._extensions..js (module.js:663:10)
    at Module.load (module.js:565:32)
    at tryModuleLoad (module.js:505:12)
    at Function.Module._load (module.js:497:3)
    at Module.require (module.js:596:17)
    at require (internal/module.js:11:18)
    at Function.PlatformTools.load (/Users/hongyang/workspace/owork/yiyi/node_modules/typeorm/platform/PlatformTools.js:109:28)
[2019-11-26T20:26:22.869] [ERROR] TypeOrmModule - Unable to connect to the database. Retrying (7)... /Users/hongyang/workspace/owork/yiyi/src/base/base.entity.ts:8
import { PrimaryGeneratedColumn, CreateDateColumn, UpdateDateColumn } from 'typeorm';
^^^^^^

SyntaxError: Unexpected token import
    at createScript (vm.js:80:10)
    at Object.runInThisContext (vm.js:139:10)
    at Module._compile (module.js:616:28)
    at Object.Module._extensions..js (module.js:663:10)
    at Module.load (module.js:565:32)
    at tryModuleLoad (module.js:505:12)
    at Function.Module._load (module.js:497:3)
    at Module.require (module.js:596:17)
    at require (internal/module.js:11:18)
    at Function.PlatformTools.load (/Users/hongyang/workspace/owork/yiyi/node_modules/typeorm/platform/PlatformTools.js:109:28)
[2019-11-26T20:26:26.014] [ERROR] TypeOrmModule - Unable to connect to the database. Retrying (8)... /Users/hongyang/workspace/owork/yiyi/src/base/base.entity.ts:8
import { PrimaryGeneratedColumn, CreateDateColumn, UpdateDateColumn } from 'typeorm';
^^^^^^

SyntaxError: Unexpected token import
    at createScript (vm.js:80:10)
    at Object.runInThisContext (vm.js:139:10)
    at Module._compile (module.js:616:28)
    at Object.Module._extensions..js (module.js:663:10)
    at Module.load (module.js:565:32)
    at tryModuleLoad (module.js:505:12)
    at Function.Module._load (module.js:497:3)
    at Module.require (module.js:596:17)
    at require (internal/module.js:11:18)
    at Function.PlatformTools.load (/Users/hongyang/workspace/owork/yiyi/node_modules/typeorm/platform/PlatformTools.js:109:28)
[2019-11-26T20:26:29.112] [ERROR] TypeOrmModule - Unable to connect to the database. Retrying (9)... /Users/hongyang/workspace/owork/yiyi/src/base/base.entity.ts:8
import { PrimaryGeneratedColumn, CreateDateColumn, UpdateDateColumn } from 'typeorm';
^^^^^^

SyntaxError: Unexpected token import
    at createScript (vm.js:80:10)
    at Object.runInThisContext (vm.js:139:10)
    at Module._compile (module.js:616:28)
    at Object.Module._extensions..js (module.js:663:10)
    at Module.load (module.js:565:32)
    at tryModuleLoad (module.js:505:12)
    at Function.Module._load (module.js:497:3)
    at Module.require (module.js:596:17)
    at require (internal/module.js:11:18)
    at Function.PlatformTools.load (/Users/hongyang/workspace/owork/yiyi/node_modules/typeorm/platform/PlatformTools.js:109:28)
[2019-11-26T20:26:50.093] [ERROR] TypeOrmModule - Unable to connect to the database. Retrying (1)... /Users/hongyang/workspace/owork/yiyi/src/base/base.entity.ts:8
import { PrimaryGeneratedColumn, CreateDateColumn, UpdateDateColumn } from 'typeorm';
^^^^^^

SyntaxError: Unexpected token import
    at createScript (vm.js:80:10)
    at Object.runInThisContext (vm.js:139:10)
    at Module._compile (module.js:616:28)
    at Object.Module._extensions..js (module.js:663:10)
    at Module.load (module.js:565:32)
    at tryModuleLoad (module.js:505:12)
    at Function.Module._load (module.js:497:3)
    at Module.require (module.js:596:17)
    at require (internal/module.js:11:18)
    at Function.PlatformTools.load (/Users/hongyang/workspace/owork/yiyi/node_modules/typeorm/platform/PlatformTools.js:109:28)
[2019-11-26T20:26:53.200] [ERROR] TypeOrmModule - Unable to connect to the database. Retrying (2)... /Users/hongyang/workspace/owork/yiyi/src/base/base.entity.ts:8
import { PrimaryGeneratedColumn, CreateDateColumn, UpdateDateColumn } from 'typeorm';
^^^^^^

SyntaxError: Unexpected token import
    at createScript (vm.js:80:10)
    at Object.runInThisContext (vm.js:139:10)
    at Module._compile (module.js:616:28)
    at Object.Module._extensions..js (module.js:663:10)
    at Module.load (module.js:565:32)
    at tryModuleLoad (module.js:505:12)
    at Function.Module._load (module.js:497:3)
    at Module.require (module.js:596:17)
    at require (internal/module.js:11:18)
    at Function.PlatformTools.load (/Users/hongyang/workspace/owork/yiyi/node_modules/typeorm/platform/PlatformTools.js:109:28)
[2019-11-26T20:26:56.394] [ERROR] TypeOrmModule - Unable to connect to the database. Retrying (3)... /Users/hongyang/workspace/owork/yiyi/src/base/base.entity.ts:8
import { PrimaryGeneratedColumn, CreateDateColumn, UpdateDateColumn } from 'typeorm';
^^^^^^

SyntaxError: Unexpected token import
    at createScript (vm.js:80:10)
    at Object.runInThisContext (vm.js:139:10)
    at Module._compile (module.js:616:28)
    at Object.Module._extensions..js (module.js:663:10)
    at Module.load (module.js:565:32)
    at tryModuleLoad (module.js:505:12)
    at Function.Module._load (module.js:497:3)
    at Module.require (module.js:596:17)
    at require (internal/module.js:11:18)
    at Function.PlatformTools.load (/Users/hongyang/workspace/owork/yiyi/node_modules/typeorm/platform/PlatformTools.js:109:28)
[2019-11-26T20:26:59.525] [ERROR] TypeOrmModule - Unable to connect to the database. Retrying (4)... /Users/hongyang/workspace/owork/yiyi/src/base/base.entity.ts:8
import { PrimaryGeneratedColumn, CreateDateColumn, UpdateDateColumn } from 'typeorm';
^^^^^^

SyntaxError: Unexpected token import
    at createScript (vm.js:80:10)
    at Object.runInThisContext (vm.js:139:10)
    at Module._compile (module.js:616:28)
    at Object.Module._extensions..js (module.js:663:10)
    at Module.load (module.js:565:32)
    at tryModuleLoad (module.js:505:12)
    at Function.Module._load (module.js:497:3)
    at Module.require (module.js:596:17)
    at require (internal/module.js:11:18)
    at Function.PlatformTools.load (/Users/hongyang/workspace/owork/yiyi/node_modules/typeorm/platform/PlatformTools.js:109:28)
[2019-11-26T20:27:02.617] [ERROR] TypeOrmModule - Unable to connect to the database. Retrying (5)... /Users/hongyang/workspace/owork/yiyi/src/base/base.entity.ts:8
import { PrimaryGeneratedColumn, CreateDateColumn, UpdateDateColumn } from 'typeorm';
^^^^^^

SyntaxError: Unexpected token import
    at createScript (vm.js:80:10)
    at Object.runInThisContext (vm.js:139:10)
    at Module._compile (module.js:616:28)
    at Object.Module._extensions..js (module.js:663:10)
    at Module.load (module.js:565:32)
    at tryModuleLoad (module.js:505:12)
    at Function.Module._load (module.js:497:3)
    at Module.require (module.js:596:17)
    at require (internal/module.js:11:18)
    at Function.PlatformTools.load (/Users/hongyang/workspace/owork/yiyi/node_modules/typeorm/platform/PlatformTools.js:109:28)
[2019-11-26T20:27:05.704] [ERROR] TypeOrmModule - Unable to connect to the database. Retrying (6)... /Users/hongyang/workspace/owork/yiyi/src/base/base.entity.ts:8
import { PrimaryGeneratedColumn, CreateDateColumn, UpdateDateColumn } from 'typeorm';
^^^^^^

SyntaxError: Unexpected token import
    at createScript (vm.js:80:10)
    at Object.runInThisContext (vm.js:139:10)
    at Module._compile (module.js:616:28)
    at Object.Module._extensions..js (module.js:663:10)
    at Module.load (module.js:565:32)
    at tryModuleLoad (module.js:505:12)
    at Function.Module._load (module.js:497:3)
    at Module.require (module.js:596:17)
    at require (internal/module.js:11:18)
    at Function.PlatformTools.load (/Users/hongyang/workspace/owork/yiyi/node_modules/typeorm/platform/PlatformTools.js:109:28)
[2019-11-26T20:27:08.827] [ERROR] TypeOrmModule - Unable to connect to the database. Retrying (7)... /Users/hongyang/workspace/owork/yiyi/src/base/base.entity.ts:8
import { PrimaryGeneratedColumn, CreateDateColumn, UpdateDateColumn } from 'typeorm';
^^^^^^

SyntaxError: Unexpected token import
    at createScript (vm.js:80:10)
    at Object.runInThisContext (vm.js:139:10)
    at Module._compile (module.js:616:28)
    at Object.Module._extensions..js (module.js:663:10)
    at Module.load (module.js:565:32)
    at tryModuleLoad (module.js:505:12)
    at Function.Module._load (module.js:497:3)
    at Module.require (module.js:596:17)
    at require (internal/module.js:11:18)
    at Function.PlatformTools.load (/Users/hongyang/workspace/owork/yiyi/node_modules/typeorm/platform/PlatformTools.js:109:28)
[2019-11-26T20:27:12.021] [ERROR] TypeOrmModule - Unable to connect to the database. Retrying (8)... /Users/hongyang/workspace/owork/yiyi/src/base/base.entity.ts:8
import { PrimaryGeneratedColumn, CreateDateColumn, UpdateDateColumn } from 'typeorm';
^^^^^^

SyntaxError: Unexpected token import
    at createScript (vm.js:80:10)
    at Object.runInThisContext (vm.js:139:10)
    at Module._compile (module.js:616:28)
    at Object.Module._extensions..js (module.js:663:10)
    at Module.load (module.js:565:32)
    at tryModuleLoad (module.js:505:12)
    at Function.Module._load (module.js:497:3)
    at Module.require (module.js:596:17)
    at require (internal/module.js:11:18)
    at Function.PlatformTools.load (/Users/hongyang/workspace/owork/yiyi/node_modules/typeorm/platform/PlatformTools.js:109:28)
[2019-11-26T20:27:15.117] [ERROR] TypeOrmModule - Unable to connect to the database. Retrying (9)... /Users/hongyang/workspace/owork/yiyi/src/base/base.entity.ts:8
import { PrimaryGeneratedColumn, CreateDateColumn, UpdateDateColumn } from 'typeorm';
^^^^^^

SyntaxError: Unexpected token import
    at createScript (vm.js:80:10)
    at Object.runInThisContext (vm.js:139:10)
    at Module._compile (module.js:616:28)
    at Object.Module._extensions..js (module.js:663:10)
    at Module.load (module.js:565:32)
    at tryModuleLoad (module.js:505:12)
    at Function.Module._load (module.js:497:3)
    at Module.require (module.js:596:17)
    at require (internal/module.js:11:18)
    at Function.PlatformTools.load (/Users/hongyang/workspace/owork/yiyi/node_modules/typeorm/platform/PlatformTools.js:109:28)
[2019-11-26T20:28:11.442] [ERROR] TypeOrmModule - Unable to connect to the database. Retrying (1)... /Users/hongyang/workspace/owork/yiyi/src/base/base.entity.ts:8
import { PrimaryGeneratedColumn, CreateDateColumn, UpdateDateColumn } from 'typeorm';
^^^^^^

SyntaxError: Unexpected token import
    at createScript (vm.js:80:10)
    at Object.runInThisContext (vm.js:139:10)
    at Module._compile (module.js:616:28)
    at Object.Module._extensions..js (module.js:663:10)
    at Module.load (module.js:565:32)
    at tryModuleLoad (module.js:505:12)
    at Function.Module._load (module.js:497:3)
    at Module.require (module.js:596:17)
    at require (internal/module.js:11:18)
    at Function.PlatformTools.load (/Users/hongyang/workspace/owork/yiyi/node_modules/typeorm/platform/PlatformTools.js:109:28)
[2019-11-26T20:28:14.565] [ERROR] TypeOrmModule - Unable to connect to the database. Retrying (2)... /Users/hongyang/workspace/owork/yiyi/src/base/base.entity.ts:8
import { PrimaryGeneratedColumn, CreateDateColumn, UpdateDateColumn } from 'typeorm';
^^^^^^

SyntaxError: Unexpected token import
    at createScript (vm.js:80:10)
    at Object.runInThisContext (vm.js:139:10)
    at Module._compile (module.js:616:28)
    at Object.Module._extensions..js (module.js:663:10)
    at Module.load (module.js:565:32)
    at tryModuleLoad (module.js:505:12)
    at Function.Module._load (module.js:497:3)
    at Module.require (module.js:596:17)
    at require (internal/module.js:11:18)
    at Function.PlatformTools.load (/Users/hongyang/workspace/owork/yiyi/node_modules/typeorm/platform/PlatformTools.js:109:28)
[2019-11-26T20:28:17.666] [ERROR] TypeOrmModule - Unable to connect to the database. Retrying (3)... /Users/hongyang/workspace/owork/yiyi/src/base/base.entity.ts:8
import { PrimaryGeneratedColumn, CreateDateColumn, UpdateDateColumn } from 'typeorm';
^^^^^^

SyntaxError: Unexpected token import
    at createScript (vm.js:80:10)
    at Object.runInThisContext (vm.js:139:10)
    at Module._compile (module.js:616:28)
    at Object.Module._extensions..js (module.js:663:10)
    at Module.load (module.js:565:32)
    at tryModuleLoad (module.js:505:12)
    at Function.Module._load (module.js:497:3)
    at Module.require (module.js:596:17)
    at require (internal/module.js:11:18)
    at Function.PlatformTools.load (/Users/hongyang/workspace/owork/yiyi/node_modules/typeorm/platform/PlatformTools.js:109:28)
[2019-11-26T20:28:20.789] [ERROR] TypeOrmModule - Unable to connect to the database. Retrying (4)... /Users/hongyang/workspace/owork/yiyi/src/base/base.entity.ts:8
import { PrimaryGeneratedColumn, CreateDateColumn, UpdateDateColumn } from 'typeorm';
^^^^^^

SyntaxError: Unexpected token import
    at createScript (vm.js:80:10)
    at Object.runInThisContext (vm.js:139:10)
    at Module._compile (module.js:616:28)
    at Object.Module._extensions..js (module.js:663:10)
    at Module.load (module.js:565:32)
    at tryModuleLoad (module.js:505:12)
    at Function.Module._load (module.js:497:3)
    at Module.require (module.js:596:17)
    at require (internal/module.js:11:18)
    at Function.PlatformTools.load (/Users/hongyang/workspace/owork/yiyi/node_modules/typeorm/platform/PlatformTools.js:109:28)
[2019-11-26T20:28:23.885] [ERROR] TypeOrmModule - Unable to connect to the database. Retrying (5)... /Users/hongyang/workspace/owork/yiyi/src/base/base.entity.ts:8
import { PrimaryGeneratedColumn, CreateDateColumn, UpdateDateColumn } from 'typeorm';
^^^^^^

SyntaxError: Unexpected token import
    at createScript (vm.js:80:10)
    at Object.runInThisContext (vm.js:139:10)
    at Module._compile (module.js:616:28)
    at Object.Module._extensions..js (module.js:663:10)
    at Module.load (module.js:565:32)
    at tryModuleLoad (module.js:505:12)
    at Function.Module._load (module.js:497:3)
    at Module.require (module.js:596:17)
    at require (internal/module.js:11:18)
    at Function.PlatformTools.load (/Users/hongyang/workspace/owork/yiyi/node_modules/typeorm/platform/PlatformTools.js:109:28)
[2019-11-26T20:28:26.974] [ERROR] TypeOrmModule - Unable to connect to the database. Retrying (6)... /Users/hongyang/workspace/owork/yiyi/src/base/base.entity.ts:8
import { PrimaryGeneratedColumn, CreateDateColumn, UpdateDateColumn } from 'typeorm';
^^^^^^

SyntaxError: Unexpected token import
    at createScript (vm.js:80:10)
    at Object.runInThisContext (vm.js:139:10)
    at Module._compile (module.js:616:28)
    at Object.Module._extensions..js (module.js:663:10)
    at Module.load (module.js:565:32)
    at tryModuleLoad (module.js:505:12)
    at Function.Module._load (module.js:497:3)
    at Module.require (module.js:596:17)
    at require (internal/module.js:11:18)
    at Function.PlatformTools.load (/Users/hongyang/workspace/owork/yiyi/node_modules/typeorm/platform/PlatformTools.js:109:28)
[2019-11-26T20:28:30.066] [ERROR] TypeOrmModule - Unable to connect to the database. Retrying (7)... /Users/hongyang/workspace/owork/yiyi/src/base/base.entity.ts:8
import { PrimaryGeneratedColumn, CreateDateColumn, UpdateDateColumn } from 'typeorm';
^^^^^^

SyntaxError: Unexpected token import
    at createScript (vm.js:80:10)
    at Object.runInThisContext (vm.js:139:10)
    at Module._compile (module.js:616:28)
    at Object.Module._extensions..js (module.js:663:10)
    at Module.load (module.js:565:32)
    at tryModuleLoad (module.js:505:12)
    at Function.Module._load (module.js:497:3)
    at Module.require (module.js:596:17)
    at require (internal/module.js:11:18)
    at Function.PlatformTools.load (/Users/hongyang/workspace/owork/yiyi/node_modules/typeorm/platform/PlatformTools.js:109:28)
[2019-11-26T20:28:33.179] [ERROR] TypeOrmModule - Unable to connect to the database. Retrying (8)... /Users/hongyang/workspace/owork/yiyi/src/base/base.entity.ts:8
import { PrimaryGeneratedColumn, CreateDateColumn, UpdateDateColumn } from 'typeorm';
^^^^^^

SyntaxError: Unexpected token import
    at createScript (vm.js:80:10)
    at Object.runInThisContext (vm.js:139:10)
    at Module._compile (module.js:616:28)
    at Object.Module._extensions..js (module.js:663:10)
    at Module.load (module.js:565:32)
    at tryModuleLoad (module.js:505:12)
    at Function.Module._load (module.js:497:3)
    at Module.require (module.js:596:17)
    at require (internal/module.js:11:18)
    at Function.PlatformTools.load (/Users/hongyang/workspace/owork/yiyi/node_modules/typeorm/platform/PlatformTools.js:109:28)
[2019-11-26T20:28:36.265] [ERROR] TypeOrmModule - Unable to connect to the database. Retrying (9)... /Users/hongyang/workspace/owork/yiyi/src/base/base.entity.ts:8
import { PrimaryGeneratedColumn, CreateDateColumn, UpdateDateColumn } from 'typeorm';
^^^^^^

SyntaxError: Unexpected token import
    at createScript (vm.js:80:10)
    at Object.runInThisContext (vm.js:139:10)
    at Module._compile (module.js:616:28)
    at Object.Module._extensions..js (module.js:663:10)
    at Module.load (module.js:565:32)
    at tryModuleLoad (module.js:505:12)
    at Function.Module._load (module.js:497:3)
    at Module.require (module.js:596:17)
    at require (internal/module.js:11:18)
    at Function.PlatformTools.load (/Users/hongyang/workspace/owork/yiyi/node_modules/typeorm/platform/PlatformTools.js:109:28)
[2019-11-26T20:39:00.863] [ERROR] TypeOrmModule - Unable to connect to the database. Retrying (1)... /Users/hongyang/workspace/owork/yiyi/src/base/base.entity.ts:8
import { PrimaryGeneratedColumn, CreateDateColumn, UpdateDateColumn } from 'typeorm';
^^^^^^

SyntaxError: Unexpected token import
    at createScript (vm.js:80:10)
    at Object.runInThisContext (vm.js:139:10)
    at Module._compile (module.js:616:28)
    at Object.Module._extensions..js (module.js:663:10)
    at Module.load (module.js:565:32)
    at tryModuleLoad (module.js:505:12)
    at Function.Module._load (module.js:497:3)
    at Module.require (module.js:596:17)
    at require (internal/module.js:11:18)
    at Function.PlatformTools.load (/Users/hongyang/workspace/owork/yiyi/node_modules/typeorm/platform/PlatformTools.js:109:28)
[2019-11-26T20:39:04.059] [ERROR] TypeOrmModule - Unable to connect to the database. Retrying (2)... /Users/hongyang/workspace/owork/yiyi/src/base/base.entity.ts:8
import { PrimaryGeneratedColumn, CreateDateColumn, UpdateDateColumn } from 'typeorm';
^^^^^^

SyntaxError: Unexpected token import
    at createScript (vm.js:80:10)
    at Object.runInThisContext (vm.js:139:10)
    at Module._compile (module.js:616:28)
    at Object.Module._extensions..js (module.js:663:10)
    at Module.load (module.js:565:32)
    at tryModuleLoad (module.js:505:12)
    at Function.Module._load (module.js:497:3)
    at Module.require (module.js:596:17)
    at require (internal/module.js:11:18)
    at Function.PlatformTools.load (/Users/hongyang/workspace/owork/yiyi/node_modules/typeorm/platform/PlatformTools.js:109:28)
