[2019-11-12T10:56:02.771] [ERROR] ExceptionsHandler - misconfigured csrf Error: misconfigured csrf
    at csrf (/Users/hongyang/workspace/owork/yiyi/node_modules/csurf/index.js:71:19)
    at Layer.handle [as handle_request] (/Users/hongyang/workspace/owork/yiyi/node_modules/express/lib/router/layer.js:95:5)
    at trim_prefix (/Users/hongyang/workspace/owork/yiyi/node_modules/express/lib/router/index.js:317:13)
    at /Users/hongyang/workspace/owork/yiyi/node_modules/express/lib/router/index.js:284:7
    at Function.process_params (/Users/hongyang/workspace/owork/yiyi/node_modules/express/lib/router/index.js:335:12)
    at next (/Users/hongyang/workspace/owork/yiyi/node_modules/express/lib/router/index.js:275:10)
    at cors (/Users/hongyang/workspace/owork/yiyi/node_modules/cors/lib/index.js:188:7)
    at /Users/hongyang/workspace/owork/yiyi/node_modules/cors/lib/index.js:224:17
    at originCallback (/Users/hongyang/workspace/owork/yiyi/node_modules/cors/lib/index.js:214:15)
    at /Users/hongyang/workspace/owork/yiyi/node_modules/cors/lib/index.js:219:13
[2019-11-12T10:56:36.004] [ERROR] ExceptionsHandler - misconfigured csrf Error: misconfigured csrf
    at csrf (/Users/hongyang/workspace/owork/yiyi/node_modules/csurf/index.js:71:19)
    at Layer.handle [as handle_request] (/Users/hongyang/workspace/owork/yiyi/node_modules/express/lib/router/layer.js:95:5)
    at trim_prefix (/Users/hongyang/workspace/owork/yiyi/node_modules/express/lib/router/index.js:317:13)
    at /Users/hongyang/workspace/owork/yiyi/node_modules/express/lib/router/index.js:284:7
    at Function.process_params (/Users/hongyang/workspace/owork/yiyi/node_modules/express/lib/router/index.js:335:12)
    at next (/Users/hongyang/workspace/owork/yiyi/node_modules/express/lib/router/index.js:275:10)
    at cors (/Users/hongyang/workspace/owork/yiyi/node_modules/cors/lib/index.js:188:7)
    at /Users/hongyang/workspace/owork/yiyi/node_modules/cors/lib/index.js:224:17
    at originCallback (/Users/hongyang/workspace/owork/yiyi/node_modules/cors/lib/index.js:214:15)
    at /Users/hongyang/workspace/owork/yiyi/node_modules/cors/lib/index.js:219:13
[2019-11-12T11:00:26.427] [ERROR] ExceptionsHandler - misconfigured csrf Error: misconfigured csrf
    at csrf (/Users/hongyang/workspace/owork/yiyi/node_modules/csurf/index.js:71:19)
    at Layer.handle [as handle_request] (/Users/hongyang/workspace/owork/yiyi/node_modules/express/lib/router/layer.js:95:5)
    at trim_prefix (/Users/hongyang/workspace/owork/yiyi/node_modules/express/lib/router/index.js:317:13)
    at /Users/hongyang/workspace/owork/yiyi/node_modules/express/lib/router/index.js:284:7
    at Function.process_params (/Users/hongyang/workspace/owork/yiyi/node_modules/express/lib/router/index.js:335:12)
    at next (/Users/hongyang/workspace/owork/yiyi/node_modules/express/lib/router/index.js:275:10)
    at cors (/Users/hongyang/workspace/owork/yiyi/node_modules/cors/lib/index.js:188:7)
    at /Users/hongyang/workspace/owork/yiyi/node_modules/cors/lib/index.js:224:17
    at originCallback (/Users/hongyang/workspace/owork/yiyi/node_modules/cors/lib/index.js:214:15)
    at /Users/hongyang/workspace/owork/yiyi/node_modules/cors/lib/index.js:219:13
